        -:    0:Source:identifier.c
        -:    0:Graph:identifier.gcno
        -:    0:Data:-
        -:    0:Runs:0
        -:    1:// ----------------------------------------------------------------
        -:    2:// ESPECIFICAÇÃO: O programa deve determinar se um identificador
        -:    3:// é ou não válido. Um identificador válido deve começar com uma
        -:    4:// letra e conter apenas letras ou dígitos. Além disto, deve ter
        -:    5:// no mínimo 1 caractere e no máximo 6 caracteres de comprimento
        -:    6:// ----------------------------------------------------------------
        -:    7:
        -:    8:#include <stdio.h>
        -:    9:#include "identifier.h"
        -:   10:
function valid_s called 0 returned 0% blocks executed 0%
    #####:   11:int valid_s(char ch) {
    #####:   12:  if (((ch >= 'A') && (ch <= 'Z')) || ((ch >= 'a') && (ch <= 'z')))
branch  0 never executed
branch  1 never executed
branch  2 never executed
branch  3 never executed
branch  4 never executed
branch  5 never executed
branch  6 never executed
branch  7 never executed
    #####:   13:    return 1;
        -:   14:  else
    #####:   15:    return 0;
        -:   16:}
        -:   17:
function valid_f called 0 returned 0% blocks executed 0%
    #####:   18:int valid_f(char ch) {
    #####:   19:  if (((ch >= 'A') && (ch <= 'Z')) || ((ch >= 'a') && (ch <= 'z')) || ((ch >= '0') && (ch <= '9')))
branch  0 never executed
branch  1 never executed
branch  2 never executed
branch  3 never executed
branch  4 never executed
branch  5 never executed
branch  6 never executed
branch  7 never executed
branch  8 never executed
branch  9 never executed
branch 10 never executed
branch 11 never executed
    #####:   20:    return 1;
        -:   21:  else
    #####:   22:    return 0;
        -:   23:}
        -:   24:
function identifier called 0 returned 0% blocks executed 0%
    #####:   25:int identifier(char * letter){
        -:   26:  char achar;
        -:   27:  int  length, valid_id;
    #####:   28:  length = 0;
    #####:   29:  valid_id = valid_s(letter[0]);
call    0 never executed
    #####:   30:  if(valid_id) {
branch  0 never executed
branch  1 never executed
    #####:   31:    length = 1;
        -:   32:  }
    #####:   33:  achar = letter[1];
    #####:   34:  while(achar != '\0') {
branch  0 never executed
branch  1 never executed
    #####:   35:    if(!(valid_f(achar))) {
call    0 never executed
branch  1 never executed
branch  2 never executed
    #####:   36:      valid_id = 0;
        -:   37:    }
    #####:   38:    length++;
    #####:   39:    achar = letter[length];
        -:   40:  }
    #####:   41:  if (valid_id && (length >= 1) && (length <= 6)) {
branch  0 never executed
branch  1 never executed
branch  2 never executed
branch  3 never executed
branch  4 never executed
branch  5 never executed
        -:   42:    
    #####:   43:    return 0;
        -:   44:  }
        -:   45:  else {
        -:   46:   
    #####:   47:    return 1;
        -:   48:  }
        -:   49:
        -:   50:}
